Watching for file changes with StatReloader
[2020-08-02 08:33:39,685] autoreload: INFO - Watching for file changes with StatReloader
[02/Aug/2020 08:33:45] "GET / HTTP/1.1" 200 2429
[02/Aug/2020 08:33:45] "GET /static/css/main.f9f1a646.chunk.css HTTP/1.1" 200 8568
[02/Aug/2020 08:33:45] "GET /static/js/main.cea8d85e.chunk.js HTTP/1.1" 200 11503
[02/Aug/2020 08:33:45] "GET /static/js/2.ef7a635d.chunk.js HTTP/1.1" 200 235456
[02/Aug/2020 08:33:45] "GET /api/details/himanshu HTTP/1.1" 200 782
Not Found: /media/photos/profile/Profile1_bpeJ83A.jpeg
[2020-08-02 08:33:45,555] log: WARNING - Not Found: /media/photos/profile/Profile1_bpeJ83A.jpeg
[02/Aug/2020 08:33:45] "GET /media/photos/profile/Profile1_bpeJ83A.jpeg HTTP/1.1" 404 1860
Not Found: /media/photos/social/social_XBvITJ7.png
[2020-08-02 08:33:48,951] log: WARNING - Not Found: /media/photos/social/social_XBvITJ7.png
[02/Aug/2020 08:33:48] "GET /media/photos/social/social_XBvITJ7.png HTTP/1.1" 404 1848
[02/Aug/2020 08:33:50] "GET /api/blog/ HTTP/1.1" 200 20712
Not Found: /media/photos/20200729/harpal-singh-eY9nCR7G0xw-unsplash.jpg
[2020-08-02 08:33:50,824] log: WARNING - Not Found: /media/photos/20200729/harpal-singh-eY9nCR7G0xw-unsplash.jpg
Not Found: /media/photos/20200730/osman-rana-yM3T1vYh8Oc-unsplash.jpg
[2020-08-02 08:33:50,827] log: WARNING - Not Found: /media/photos/20200730/osman-rana-yM3T1vYh8Oc-unsplash.jpg
[02/Aug/2020 08:33:50] "GET /media/photos/20200729/harpal-singh-eY9nCR7G0xw-unsplash.jpg HTTP/1.1" 404 1911
Not Found: /media/photos/20200729/Conv_rt38xmo.png
[02/Aug/2020 08:33:50] "GET /media/photos/20200730/osman-rana-yM3T1vYh8Oc-unsplash.jpg HTTP/1.1" 404 1905
[2020-08-02 08:33:50,830] log: WARNING - Not Found: /media/photos/20200729/Conv_rt38xmo.png
Not Found: /media/photos/20200729/marcus-dall-col-DB2r06gZTLU-unsplash.jpg
[2020-08-02 08:33:50,831] log: WARNING - Not Found: /media/photos/20200729/marcus-dall-col-DB2r06gZTLU-unsplash.jpg
[02/Aug/2020 08:33:50] "GET /media/photos/20200729/Conv_rt38xmo.png HTTP/1.1" 404 1848
[02/Aug/2020 08:33:50] "GET /media/photos/20200729/marcus-dall-col-DB2r06gZTLU-unsplash.jpg HTTP/1.1" 404 1920
[02/Aug/2020 08:33:51] "GET /static/media/portfolio.84c5cf99.png HTTP/1.1" 200 114785
[02/Aug/2020 08:33:52] "GET /api/blog/ HTTP/1.1" 200 20712
Not Found: /media/photos/20200729/marcus-dall-col-DB2r06gZTLU-unsplash.jpg
[2020-08-02 08:33:52,920] log: WARNING - Not Found: /media/photos/20200729/marcus-dall-col-DB2r06gZTLU-unsplash.jpg
[02/Aug/2020 08:33:52] "GET /media/photos/20200729/marcus-dall-col-DB2r06gZTLU-unsplash.jpg HTTP/1.1" 404 1920
Not Found: /media/photos/20200729/Conv_rt38xmo.png
[2020-08-02 08:33:52,928] log: WARNING - Not Found: /media/photos/20200729/Conv_rt38xmo.png
Not Found: /media/photos/20200729/harpal-singh-eY9nCR7G0xw-unsplash.jpg
[2020-08-02 08:33:52,930] log: WARNING - Not Found: /media/photos/20200729/harpal-singh-eY9nCR7G0xw-unsplash.jpg
[02/Aug/2020 08:33:52] "GET /media/photos/20200729/Conv_rt38xmo.png HTTP/1.1" 404 1848
[02/Aug/2020 08:33:52] "GET /media/photos/20200729/harpal-singh-eY9nCR7G0xw-unsplash.jpg HTTP/1.1" 404 1911
Not Found: /media/photos/20200730/osman-rana-yM3T1vYh8Oc-unsplash.jpg
[2020-08-02 08:33:52,933] log: WARNING - Not Found: /media/photos/20200730/osman-rana-yM3T1vYh8Oc-unsplash.jpg
[02/Aug/2020 08:33:52] "GET /media/photos/20200730/osman-rana-yM3T1vYh8Oc-unsplash.jpg HTTP/1.1" 404 1905
Not Found: /media/photos/profile/Profile1_bpeJ83A.jpeg
[2020-08-02 08:34:01,337] log: WARNING - Not Found: /media/photos/profile/Profile1_bpeJ83A.jpeg
[02/Aug/2020 08:34:01] "GET /media/photos/profile/Profile1_bpeJ83A.jpeg HTTP/1.1" 404 1860
Not Found: /media/photos/social/social_XBvITJ7.png
[2020-08-02 08:34:02,322] log: WARNING - Not Found: /media/photos/social/social_XBvITJ7.png
[02/Aug/2020 08:34:02] "GET /media/photos/social/social_XBvITJ7.png HTTP/1.1" 404 1848
[02/Aug/2020 08:34:03] "GET /api/blog/ HTTP/1.1" 200 20712
Not Found: /media/photos/20200729/marcus-dall-col-DB2r06gZTLU-unsplash.jpg
[2020-08-02 08:34:03,465] log: WARNING - Not Found: /media/photos/20200729/marcus-dall-col-DB2r06gZTLU-unsplash.jpg
Not Found: /media/photos/20200730/osman-rana-yM3T1vYh8Oc-unsplash.jpg
[2020-08-02 08:34:03,474] log: WARNING - Not Found: /media/photos/20200730/osman-rana-yM3T1vYh8Oc-unsplash.jpg
[02/Aug/2020 08:34:03] "GET /media/photos/20200729/marcus-dall-col-DB2r06gZTLU-unsplash.jpg HTTP/1.1" 404 1920
Not Found: /media/photos/20200729/Conv_rt38xmo.png
[02/Aug/2020 08:34:03] "GET /media/photos/20200730/osman-rana-yM3T1vYh8Oc-unsplash.jpg HTTP/1.1" 404 1905
[2020-08-02 08:34:03,478] log: WARNING - Not Found: /media/photos/20200729/Conv_rt38xmo.png
[02/Aug/2020 08:34:03] "GET /media/photos/20200729/Conv_rt38xmo.png HTTP/1.1" 404 1848
Not Found: /media/photos/20200729/harpal-singh-eY9nCR7G0xw-unsplash.jpg
[2020-08-02 08:34:03,486] log: WARNING - Not Found: /media/photos/20200729/harpal-singh-eY9nCR7G0xw-unsplash.jpg
[02/Aug/2020 08:34:03] "GET /media/photos/20200729/harpal-singh-eY9nCR7G0xw-unsplash.jpg HTTP/1.1" 404 1911
Not Found: /media/photos/profile/Profile1_bpeJ83A.jpeg
[2020-08-02 08:34:08,226] log: WARNING - Not Found: /media/photos/profile/Profile1_bpeJ83A.jpeg
[02/Aug/2020 08:34:08] "GET /media/photos/profile/Profile1_bpeJ83A.jpeg HTTP/1.1" 404 1860
Performing system checks...

System check identified no issues (0 silenced).
August 02, 2020 - 08:33:39
Django version 3.0.8, using settings 'backend.settings'
Starting development server at http://127.0.0.1:8000/
Quit the server with CONTROL-C.
